<pre style="display: inline-block; background-color: #4d4d4d; color: white; padding: 20px; text-shadow: 1px 1px 0 #444; min-width: 100%; height: auto; min-height: 100%;">.........Console Logs.........

Generated user data :>>  {
  sector: { number: 1 },
  companyName: 'Company cBBrvtyi',
  firstName: 'AQA-CI-jhgMN-1058-U-Free-UROKu',
  lastName: '91411',
  email: 'AQA-CI-jhgMN-1058-U-Free-UROKu@test.com',
  phoneNumber: '+380 96 498 5107',
  pwd: 'AQA-CI-jhgMN-1058-U-Free-UROKu',
  repeatPwd: 'AQA-CI-jhgMN-1058-U-Free-UROKu',
  terms: true
}
â†“-----------------------SET AUTOMATED TESTING CHANNELS-----------------------â†“
Status :>> 200
Data :>> true
â†‘-----------------------SET AUTOMATED TESTING CHANNELS-----------------------â†‘


Created user :>>  {
  sector: {
    dataIdList: [ 3 ],
    textList: [ 'Software and systems' ],
    fullText: 'Software and systems'
  },
  companyName: undefined,
  firstName: 'AQA-CI-jhgMN-1058-U-Free-UROKu',
  lastName: '91411',
  fullName: 'AQA-CI-jhgMN-1058-U-Free-UROKu 91411',
  email: 'AQA-CI-jhgMN-1058-U-Free-UROKu@test.com',
  phoneNumber: '+380 96 498 5107',
  pwd: 'AQA-CI-jhgMN-1058-U-Free-UROKu',
  repeatPwd: 'AQA-CI-jhgMN-1058-U-Free-UROKu',
  terms: true
}
Create profile :>>  {
  country: 'Netherlands',
  zipCode: '1011',
  city: 'Amsterdam',
  website: undefined,
  picture: 'TestUser.jpg',
  description: "Lorem Ipsum is simply dummy text of the printing and typesetting industry. Lorem Ipsum has been the industry's standard dummy text ever since the 1500s, when an unknown printer took a galley of type and scrambled it to make a type specimen book. It has survived not only five centuries, but also the leap into electronic typesetting, remaining essentially unchanged. It was popularised in the 1960s with the release of Letraset sheets containing Lorem Ipsum passages, and more recently with desktop publishing software like Aldus PageMaker including versions of Lorem Ipsum."
}

Fill other details :>>  {
  sectorFieldsNumber: undefined,
  sectorsOptionIndexList: undefined,
  sectorsTextList: [],
  sectorsText: undefined,
  fieldOfWork: undefined,
  twitterUrl: undefined,
  linkedinUrl: undefined,
  hourlyRateCurrency: undefined,
  hourlyRate: 90,
  availableIndex: 0,
  available: 'Immediate',
  availableFrom: undefined,
  hoursAvailable: 20,
  yearsExperience: undefined,
  website: undefined,
  chamberOfCommerce: 'pdQPG',
  VAT: 'DE145803752',
  skills: [ 'PHP' ]
}
successfully deleted ./screenshots/screenshotlqTkptx.png
JestAssertionError: Expect $(`.alert.success`) to be displayed

Expected: [32m"displayed"[39m
Received: [31m"[7mnot [27mdisplayed"[39m
    at OverviewPage.saveOtherDetails (/home/runner/work/ProLinkerTesting/ProLinkerTesting/test/pageobjects/account/myProfile/overview.page.ts:367:65)
    at processTicksAndRejections (node:internal/process/task_queues:96:5)
    at async OverviewPage.editVatAndChamberOfCommerce (/home/runner/work/ProLinkerTesting/ProLinkerTesting/test/pageobjects/account/myProfile/overview.page.ts:675:17)
    at async /home/runner/work/ProLinkerTesting/ProLinkerTesting/test/specs/FNN-623.myProjects/FNN-PRO-1058.completeProjectNegative.spec.ts:55:17
    at async Browser.<anonymous> (/home/runner/work/ProLinkerTesting/ProLinkerTesting/test/wdio.conf.ts:328:17)
    at async Browser.wrapCommandFn (/home/runner/work/ProLinkerTesting/ProLinkerTesting/node_modules/@wdio/utils/build/shim.js:137:29) {
  matcherResult: {
    pass: false,
    message: 'Expect $(`.alert.success`) to be displayed\n' +
      '\n' +
      'Expected: \x1B[32m"displayed"\x1B[39m\n' +
      'Received: \x1B[31m"\x1B[7mnot \x1B[27mdisplayed"\x1B[39m'
  }
}

Fill other details :>>  {
  sectorFieldsNumber: undefined,
  sectorsOptionIndexList: undefined,
  sectorsTextList: [],
  sectorsText: undefined,
  fieldOfWork: undefined,
  twitterUrl: undefined,
  linkedinUrl: undefined,
  hourlyRateCurrency: undefined,
  hourlyRate: 90,
  availableIndex: 0,
  available: 'Immediate',
  availableFrom: undefined,
  hoursAvailable: 20,
  yearsExperience: undefined,
  website: undefined,
  chamberOfCommerce: 'FVpdF',
  VAT: 'DE145803752',
  skills: [ 'PHP' ]
}
successfully deleted ./screenshots/screenshotQJEjkjs.png
JestAssertionError: Expect $(`.alert.success`) to be displayed

Expected: [32m"displayed"[39m
Received: [31m"[7mnot [27mdisplayed"[39m
    at OverviewPage.saveOtherDetails (/home/runner/work/ProLinkerTesting/ProLinkerTesting/test/pageobjects/account/myProfile/overview.page.ts:367:65)
    at runMicrotasks (<anonymous>)
    at processTicksAndRejections (node:internal/process/task_queues:96:5)
    at async OverviewPage.editVatAndChamberOfCommerce (/home/runner/work/ProLinkerTesting/ProLinkerTesting/test/pageobjects/account/myProfile/overview.page.ts:675:17)
    at async /home/runner/work/ProLinkerTesting/ProLinkerTesting/test/specs/FNN-623.myProjects/FNN-PRO-1058.completeProjectNegative.spec.ts:55:17
    at async Browser.<anonymous> (/home/runner/work/ProLinkerTesting/ProLinkerTesting/test/wdio.conf.ts:328:17)
    at async Browser.wrapCommandFn (/home/runner/work/ProLinkerTesting/ProLinkerTesting/node_modules/@wdio/utils/build/shim.js:137:29) {
  matcherResult: {
    pass: false,
    message: 'Expect $(`.alert.success`) to be displayed\n' +
      '\n' +
      'Expected: \x1B[32m"displayed"\x1B[39m\n' +
      'Received: \x1B[31m"\x1B[7mnot \x1B[27mdisplayed"\x1B[39m'
  }
}

Fill other details :>>  {
  sectorFieldsNumber: undefined,
  sectorsOptionIndexList: undefined,
  sectorsTextList: [],
  sectorsText: undefined,
  fieldOfWork: undefined,
  twitterUrl: undefined,
  linkedinUrl: undefined,
  hourlyRateCurrency: undefined,
  hourlyRate: 90,
  availableIndex: 0,
  available: 'Immediate',
  availableFrom: undefined,
  hoursAvailable: 20,
  yearsExperience: undefined,
  website: undefined,
  chamberOfCommerce: 'iLkea',
  VAT: 'DE145803752',
  skills: [ 'PHP' ]
}
successfully deleted ./screenshots/screenshotUARFagO.png
JestAssertionError: Expect $(`.alert.success`) to be displayed

Expected: [32m"displayed"[39m
Received: [31m"[7mnot [27mdisplayed"[39m
    at OverviewPage.saveOtherDetails (/home/runner/work/ProLinkerTesting/ProLinkerTesting/test/pageobjects/account/myProfile/overview.page.ts:367:65)
    at runMicrotasks (<anonymous>)
    at processTicksAndRejections (node:internal/process/task_queues:96:5)
    at async OverviewPage.editVatAndChamberOfCommerce (/home/runner/work/ProLinkerTesting/ProLinkerTesting/test/pageobjects/account/myProfile/overview.page.ts:675:17)
    at async /home/runner/work/ProLinkerTesting/ProLinkerTesting/test/specs/FNN-623.myProjects/FNN-PRO-1058.completeProjectNegative.spec.ts:55:17
    at async Browser.<anonymous> (/home/runner/work/ProLinkerTesting/ProLinkerTesting/test/wdio.conf.ts:328:17)
    at async Browser.wrapCommandFn (/home/runner/work/ProLinkerTesting/ProLinkerTesting/node_modules/@wdio/utils/build/shim.js:137:29) {
  matcherResult: {
    pass: false,
    message: 'Expect $(`.alert.success`) to be displayed\n' +
      '\n' +
      'Expected: \x1B[32m"displayed"\x1B[39m\n' +
      'Received: \x1B[31m"\x1B[7mnot \x1B[27mdisplayed"\x1B[39m'
  }
}

Fill other details :>>  {
  sectorFieldsNumber: undefined,
  sectorsOptionIndexList: undefined,
  sectorsTextList: [],
  sectorsText: undefined,
  fieldOfWork: undefined,
  twitterUrl: undefined,
  linkedinUrl: undefined,
  hourlyRateCurrency: undefined,
  hourlyRate: 90,
  availableIndex: 0,
  available: 'Immediate',
  availableFrom: undefined,
  hoursAvailable: 20,
  yearsExperience: undefined,
  website: undefined,
  chamberOfCommerce: 'NZzwf',
  VAT: 'DE145803752',
  skills: [ 'PHP' ]
}
successfully deleted ./screenshots/screenshotDpeosGk.png
JestAssertionError: Expect $(`.alert.success`) to be displayed

Expected: [32m"displayed"[39m
Received: [31m"[7mnot [27mdisplayed"[39m
    at OverviewPage.saveOtherDetails (/home/runner/work/ProLinkerTesting/ProLinkerTesting/test/pageobjects/account/myProfile/overview.page.ts:367:65)
    at runMicrotasks (<anonymous>)
    at processTicksAndRejections (node:internal/process/task_queues:96:5)
    at async OverviewPage.editVatAndChamberOfCommerce (/home/runner/work/ProLinkerTesting/ProLinkerTesting/test/pageobjects/account/myProfile/overview.page.ts:675:17)
    at async /home/runner/work/ProLinkerTesting/ProLinkerTesting/test/specs/FNN-623.myProjects/FNN-PRO-1058.completeProjectNegative.spec.ts:55:17
    at async Browser.<anonymous> (/home/runner/work/ProLinkerTesting/ProLinkerTesting/test/wdio.conf.ts:328:17)
    at async Browser.wrapCommandFn (/home/runner/work/ProLinkerTesting/ProLinkerTesting/node_modules/@wdio/utils/build/shim.js:137:29) {
  matcherResult: {
    pass: false,
    message: 'Expect $(`.alert.success`) to be displayed\n' +
      '\n' +
      'Expected: \x1B[32m"displayed"\x1B[39m\n' +
      'Received: \x1B[31m"\x1B[7mnot \x1B[27mdisplayed"\x1B[39m'
  }
}

Fill other details :>>  {
  sectorFieldsNumber: undefined,
  sectorsOptionIndexList: undefined,
  sectorsTextList: [],
  sectorsText: undefined,
  fieldOfWork: undefined,
  twitterUrl: undefined,
  linkedinUrl: undefined,
  hourlyRateCurrency: undefined,
  hourlyRate: 90,
  availableIndex: 0,
  available: 'Immediate',
  availableFrom: undefined,
  hoursAvailable: 20,
  yearsExperience: undefined,
  website: undefined,
  chamberOfCommerce: 'jVFiE',
  VAT: 'DE145803752',
  skills: [ 'PHP' ]
}
successfully deleted ./screenshots/screenshotrzabWfJ.png
JestAssertionError: Expect $(`.alert.success`) to be displayed

Expected: [32m"displayed"[39m
Received: [31m"[7mnot [27mdisplayed"[39m
    at OverviewPage.saveOtherDetails (/home/runner/work/ProLinkerTesting/ProLinkerTesting/test/pageobjects/account/myProfile/overview.page.ts:367:65)
    at runMicrotasks (<anonymous>)
    at processTicksAndRejections (node:internal/process/task_queues:96:5)
    at async OverviewPage.editVatAndChamberOfCommerce (/home/runner/work/ProLinkerTesting/ProLinkerTesting/test/pageobjects/account/myProfile/overview.page.ts:675:17)
    at async /home/runner/work/ProLinkerTesting/ProLinkerTesting/test/specs/FNN-623.myProjects/FNN-PRO-1058.completeProjectNegative.spec.ts:55:17
    at async Browser.<anonymous> (/home/runner/work/ProLinkerTesting/ProLinkerTesting/test/wdio.conf.ts:328:17)
    at async Browser.wrapCommandFn (/home/runner/work/ProLinkerTesting/ProLinkerTesting/node_modules/@wdio/utils/build/shim.js:137:29) {
  matcherResult: {
    pass: false,
    message: 'Expect $(`.alert.success`) to be displayed\n' +
      '\n' +
      'Expected: \x1B[32m"displayed"\x1B[39m\n' +
      'Received: \x1B[31m"\x1B[7mnot \x1B[27mdisplayed"\x1B[39m'
  }
}
â†“-----------------------SET AUTOMATED TESTING CHANNELS-----------------------â†“
Status :>> 200
Data :>> true
â†‘-----------------------SET AUTOMATED TESTING CHANNELS-----------------------â†‘

Created user :>>  {
  sector: { numberOfSectors: 3 },
  companyName: 'Company UARyVZig',
  firstName: 'AQA-CI-jhgMN-1058-U-Empl-UROKu',
  lastName: '58279',
  email: 'AQA-CI-jhgMN-1058-U-Empl-UROKu@test.com',
  phoneNumber: '+380 96 874 4910',
  pwd: 'AQA-CI-jhgMN-1058-U-Empl-UROKu',
  repeatPwd: 'AQA-CI-jhgMN-1058-U-Empl-UROKu',
  terms: true
}

Project data :>>  {
  visibility: undefined,
  description: "Lorem Ipsum is simply dummy text of the printing and typesetting industry. Lorem Ipsum has been the industry's standard dummy text ever since the 1500s, when an unknown printer took a galley of type and scrambled it to make a type specimen book. It has survived not only five centuries, but also the leap into electronic typesetting, remaining essentially unchanged. It was popularised in the 1960s with the release of Letraset sheets containing Lorem Ipsum passages, and more recently with desktop publishing software like Aldus PageMaker including versions of Lorem Ipsum.",
  skills: [ 'PHP', 'SEO' ],
  confirmTerms: undefined,
  budget: { name: '> â‚¬10000', value: 'f10000', index: 4, type: 'Fixed price' },
  workOnLocation: {
    name: 'The project can be completed remotely',
    value: '4',
    index: 3
  },
  city: {},
  start: { type: 'As soon as possible' },
  end: { type: 'Calendar', date: [ 5, 3, 2027 ] },
  title: 'AQA-CI-jhgMN-1058-P-UROKu',
  category: { name: 'Coaching', value: '5', index: 5 },
  subcategory: { name: 'Mindfulness Coaching', value: '167', index: 5 }
}
Create profile :>>  {
  country: 'Netherlands',
  zipCode: '1011',
  city: 'Amsterdam',
  website: undefined,
  picture: undefined,
  description: "Lorem Ipsum is simply dummy text of the printing and typesetting industry. Lorem Ipsum has been the industry's standard dummy text ever since the 1500s, when an unknown printer took a galley of type and scrambled it to make a type specimen book. It has survived not only five centuries, but also the leap into electronic typesetting, remaining essentially unchanged. It was popularised in the 1960s with the release of Letraset sheets containing Lorem Ipsum passages, and more recently with desktop publishing software like Aldus PageMaker including versions of Lorem Ipsum."
}
successfully deleted ./screenshots/screenshotQUmElFl.png
Error: element ("input[name="chamberOfCommerce"]") still not existing after 10000ms
    at /home/runner/work/ProLinkerTesting/ProLinkerTesting/node_modules/@wdio/runner/node_modules/webdriverio/build/commands/browser/waitUntil.js:66:23
    at async Element.wrapCommandFn (/home/runner/work/ProLinkerTesting/ProLinkerTesting/node_modules/@wdio/utils/build/shim.js:137:29)
    at async Element.elementErrorHandlerCallbackFn (/home/runner/work/ProLinkerTesting/ProLinkerTesting/node_modules/@wdio/runner/node_modules/webdriverio/build/middlewares.js:24:32)
    at async Element.wrapCommandFn (/home/runner/work/ProLinkerTesting/ProLinkerTesting/node_modules/@wdio/utils/build/shim.js:137:29)
    at async Element.wrapCommandFn (/home/runner/work/ProLinkerTesting/ProLinkerTesting/node_modules/@wdio/utils/build/shim.js:137:29)
    at async Element.elementErrorHandlerCallbackFn (/home/runner/work/ProLinkerTesting/ProLinkerTesting/node_modules/@wdio/runner/node_modules/webdriverio/build/middlewares.js:24:32)
    at async Element.wrapCommandFn (/home/runner/work/ProLinkerTesting/ProLinkerTesting/node_modules/@wdio/utils/build/shim.js:137:29)
    at async OverviewPage.setValue (/home/runner/work/ProLinkerTesting/ProLinkerTesting/test/pageobjects/page.ts:271:9)
    at async OverviewPage.editOtherDetails (/home/runner/work/ProLinkerTesting/ProLinkerTesting/test/pageobjects/account/myProfile/overview.page.ts:596:13)
    at async OverviewPage.saveOtherDetails (/home/runner/work/ProLinkerTesting/ProLinkerTesting/test/pageobjects/account/myProfile/overview.page.ts:345:28)
successfully deleted ./screenshots/screenshotaKFwNTy.png
Error: element ("input[name="chamberOfCommerce"]") still not existing after 10000ms
    at /home/runner/work/ProLinkerTesting/ProLinkerTesting/node_modules/@wdio/runner/node_modules/webdriverio/build/commands/browser/waitUntil.js:66:23
    at async Element.wrapCommandFn (/home/runner/work/ProLinkerTesting/ProLinkerTesting/node_modules/@wdio/utils/build/shim.js:137:29)
    at async Element.elementErrorHandlerCallbackFn (/home/runner/work/ProLinkerTesting/ProLinkerTesting/node_modules/@wdio/runner/node_modules/webdriverio/build/middlewares.js:24:32)
    at async Element.wrapCommandFn (/home/runner/work/ProLinkerTesting/ProLinkerTesting/node_modules/@wdio/utils/build/shim.js:137:29)
    at async Element.wrapCommandFn (/home/runner/work/ProLinkerTesting/ProLinkerTesting/node_modules/@wdio/utils/build/shim.js:137:29)
    at async Element.elementErrorHandlerCallbackFn (/home/runner/work/ProLinkerTesting/ProLinkerTesting/node_modules/@wdio/runner/node_modules/webdriverio/build/middlewares.js:24:32)
    at async Element.wrapCommandFn (/home/runner/work/ProLinkerTesting/ProLinkerTesting/node_modules/@wdio/utils/build/shim.js:137:29)
    at async OverviewPage.setValue (/home/runner/work/ProLinkerTesting/ProLinkerTesting/test/pageobjects/page.ts:271:9)
    at async OverviewPage.editOtherDetails (/home/runner/work/ProLinkerTesting/ProLinkerTesting/test/pageobjects/account/myProfile/overview.page.ts:596:13)
    at async OverviewPage.saveOtherDetails (/home/runner/work/ProLinkerTesting/ProLinkerTesting/test/pageobjects/account/myProfile/overview.page.ts:345:28)
successfully deleted ./screenshots/screenshotJAfOdqV.png
Error: element ("input[name="chamberOfCommerce"]") still not existing after 10000ms
    at /home/runner/work/ProLinkerTesting/ProLinkerTesting/node_modules/@wdio/runner/node_modules/webdriverio/build/commands/browser/waitUntil.js:66:23
    at async Element.wrapCommandFn (/home/runner/work/ProLinkerTesting/ProLinkerTesting/node_modules/@wdio/utils/build/shim.js:137:29)
    at async Element.elementErrorHandlerCallbackFn (/home/runner/work/ProLinkerTesting/ProLinkerTesting/node_modules/@wdio/runner/node_modules/webdriverio/build/middlewares.js:24:32)
    at async Element.wrapCommandFn (/home/runner/work/ProLinkerTesting/ProLinkerTesting/node_modules/@wdio/utils/build/shim.js:137:29)
    at async Element.wrapCommandFn (/home/runner/work/ProLinkerTesting/ProLinkerTesting/node_modules/@wdio/utils/build/shim.js:137:29)
    at async Element.elementErrorHandlerCallbackFn (/home/runner/work/ProLinkerTesting/ProLinkerTesting/node_modules/@wdio/runner/node_modules/webdriverio/build/middlewares.js:24:32)
    at async Element.wrapCommandFn (/home/runner/work/ProLinkerTesting/ProLinkerTesting/node_modules/@wdio/utils/build/shim.js:137:29)
    at async OverviewPage.setValue (/home/runner/work/ProLinkerTesting/ProLinkerTesting/test/pageobjects/page.ts:271:9)
    at async OverviewPage.editOtherDetails (/home/runner/work/ProLinkerTesting/ProLinkerTesting/test/pageobjects/account/myProfile/overview.page.ts:596:13)
    at async OverviewPage.saveOtherDetails (/home/runner/work/ProLinkerTesting/ProLinkerTesting/test/pageobjects/account/myProfile/overview.page.ts:345:28)
successfully deleted ./screenshots/screenshotWEmYQDP.png
Error: element ("input[name="chamberOfCommerce"]") still not existing after 10000ms
    at /home/runner/work/ProLinkerTesting/ProLinkerTesting/node_modules/@wdio/runner/node_modules/webdriverio/build/commands/browser/waitUntil.js:66:23
    at async Element.wrapCommandFn (/home/runner/work/ProLinkerTesting/ProLinkerTesting/node_modules/@wdio/utils/build/shim.js:137:29)
    at async Element.elementErrorHandlerCallbackFn (/home/runner/work/ProLinkerTesting/ProLinkerTesting/node_modules/@wdio/runner/node_modules/webdriverio/build/middlewares.js:24:32)
    at async Element.wrapCommandFn (/home/runner/work/ProLinkerTesting/ProLinkerTesting/node_modules/@wdio/utils/build/shim.js:137:29)
    at async Element.wrapCommandFn (/home/runner/work/ProLinkerTesting/ProLinkerTesting/node_modules/@wdio/utils/build/shim.js:137:29)
    at async Element.elementErrorHandlerCallbackFn (/home/runner/work/ProLinkerTesting/ProLinkerTesting/node_modules/@wdio/runner/node_modules/webdriverio/build/middlewares.js:24:32)
    at async Element.wrapCommandFn (/home/runner/work/ProLinkerTesting/ProLinkerTesting/node_modules/@wdio/utils/build/shim.js:137:29)
    at async OverviewPage.setValue (/home/runner/work/ProLinkerTesting/ProLinkerTesting/test/pageobjects/page.ts:271:9)
    at async OverviewPage.editOtherDetails (/home/runner/work/ProLinkerTesting/ProLinkerTesting/test/pageobjects/account/myProfile/overview.page.ts:596:13)
    at async OverviewPage.saveOtherDetails (/home/runner/work/ProLinkerTesting/ProLinkerTesting/test/pageobjects/account/myProfile/overview.page.ts:345:28)
successfully deleted ./screenshots/screenshotceqcKgO.png
Error: element ("input[name="chamberOfCommerce"]") still not existing after 10000ms
    at /home/runner/work/ProLinkerTesting/ProLinkerTesting/node_modules/@wdio/runner/node_modules/webdriverio/build/commands/browser/waitUntil.js:66:23
    at async Element.wrapCommandFn (/home/runner/work/ProLinkerTesting/ProLinkerTesting/node_modules/@wdio/utils/build/shim.js:137:29)
    at async Element.elementErrorHandlerCallbackFn (/home/runner/work/ProLinkerTesting/ProLinkerTesting/node_modules/@wdio/runner/node_modules/webdriverio/build/middlewares.js:24:32)
    at async Element.wrapCommandFn (/home/runner/work/ProLinkerTesting/ProLinkerTesting/node_modules/@wdio/utils/build/shim.js:137:29)
    at async Element.wrapCommandFn (/home/runner/work/ProLinkerTesting/ProLinkerTesting/node_modules/@wdio/utils/build/shim.js:137:29)
    at async Element.elementErrorHandlerCallbackFn (/home/runner/work/ProLinkerTesting/ProLinkerTesting/node_modules/@wdio/runner/node_modules/webdriverio/build/middlewares.js:24:32)
    at async Element.wrapCommandFn (/home/runner/work/ProLinkerTesting/ProLinkerTesting/node_modules/@wdio/utils/build/shim.js:137:29)
    at async OverviewPage.setValue (/home/runner/work/ProLinkerTesting/ProLinkerTesting/test/pageobjects/page.ts:271:9)
    at async OverviewPage.editOtherDetails (/home/runner/work/ProLinkerTesting/ProLinkerTesting/test/pageobjects/account/myProfile/overview.page.ts:596:13)
    at async OverviewPage.saveOtherDetails (/home/runner/work/ProLinkerTesting/ProLinkerTesting/test/pageobjects/account/myProfile/overview.page.ts:345:28)

Action with project :>> 
| project: AQA-CI-jhgMN-1058-P-UROKu
| action: approve

Action with project :>> 
| project: AQA-CI-jhgMN-1058-P-UROKu
| action: edit
projectID :>>  018e0ce74289c2b9d3dd6edbbb44b6a6
</pre>